<?xml version="1.0" encoding="UTF-8"?>
<!-- Generated by org.testng.reporters.JUnitReportReporter -->
<testsuite hostname="MSI" failures="0" tests="4" name="com.juaracoding.appium.TestCalculator" time="18.118" errors="0" timestamp="2022-08-23T01:04:49 WIB" skipped="0">
  <testcase classname="com.juaracoding.appium.TestCalculator" name="testAdd" time="3.735"/>
  <system-out/>
  <testcase classname="com.juaracoding.appium.TestCalculator" name="testMinus" time="6.076"/>
  <system-out/>
  <testcase classname="com.juaracoding.appium.TestCalculator" name="testMultiple" time="3.752"/>
  <system-out/>
  <testcase classname="com.juaracoding.appium.TestCalculator" name="testDevide" time="4.555"/>
  <system-out/>
</testsuite> <!-- com.juaracoding.appium.TestCalculator -->
