<?xml version="1.0" encoding="UTF-8"?>
<!-- Generated by org.testng.reporters.JUnitReportReporter -->
<testsuite hostname="MSI" failures="0" tests="1" name="com.juaracoding.appium.TestCalculator" time="4.032" errors="0" timestamp="2022-08-22T21:21:58 WIB" skipped="0">
  <testcase classname="com.juaracoding.appium.TestCalculator" name="testAdd" time="4.032"/>
  <system-out/>
</testsuite> <!-- com.juaracoding.appium.TestCalculator -->
